Building DAG of jobs...
Using shell: /bin/bash
Provided cores: 1 (use --cores to define parallelism)
Rules claiming more threads will be scaled down.
Job stats:
job      count    min threads    max threads
-----  -------  -------------  -------------
blah         1              1              1
total        1              1              1

Select jobs to execute...

[Thu Jan 19 16:04:39 2023]
rule blah:
    input: data/raw/airquality.csv
    output: data/cleaned/airquality_cleaned.csv
    jobid: 0
    reason: Missing output files: data/cleaned/airquality_cleaned.csv
    resources: tmpdir=/var/folders/_j/qpvxcf6100n6zpbckxsyyc980000gn/T

[Thu Jan 19 16:04:39 2023]
Finished job 0.
1 of 1 steps (100%) done
Complete log: .snakemake/log/2023-01-19T160439.134318.snakemake.log
