Building DAG of jobs...
Using shell: /bin/bash
Provided cores: 1 (use --cores to define parallelism)
Rules claiming more threads will be scaled down.
Job stats:
job                 count    min threads    max threads
----------------  -------  -------------  -------------
all                     1              1              1
fit_linear_model        1              1              1
total                   2              1              1

Select jobs to execute...

[Thu Jan 19 16:47:53 2023]
rule fit_linear_model:
    input: data/cleaned/airquality_cleaned.csv
    output: models/linear_model.joblib
    jobid: 1
    reason: Missing output files: models/linear_model.joblib
    resources: tmpdir=/var/folders/_j/qpvxcf6100n6zpbckxsyyc980000gn/T

[Thu Jan 19 16:47:55 2023]
Finished job 1.
1 of 2 steps (50%) done
Select jobs to execute...

[Thu Jan 19 16:47:55 2023]
localrule all:
    input: models/linear_model.joblib
    jobid: 0
    reason: Input files updated by another job: models/linear_model.joblib
    resources: tmpdir=/var/folders/_j/qpvxcf6100n6zpbckxsyyc980000gn/T

[Thu Jan 19 16:47:55 2023]
Finished job 0.
2 of 2 steps (100%) done
Complete log: .snakemake/log/2023-01-19T164753.595724.snakemake.log
