Building DAG of jobs...
Using shell: /bin/bash
Provided cores: 1 (use --cores to define parallelism)
Rules claiming more threads will be scaled down.
Job stats:
job      count    min threads    max threads
-----  -------  -------------  -------------
all          1              1              1
total        1              1              1

Select jobs to execute...

[Thu Jan 19 16:37:36 2023]
localrule all:
    output: report.html
    jobid: 0
    reason: Missing output files: report.html
    resources: tmpdir=/var/folders/_j/qpvxcf6100n6zpbckxsyyc980000gn/T

Waiting at most 5 seconds for missing files.
MissingOutputException in rule all in file /Users/isaac/Code/sabs/sabs_modules/stats/workflow/Snakefile, line 1:
Job 0 completed successfully, but some output files are missing. Missing files after 5 seconds. This might be due to filesystem latency. If that is the case, consider to increase the wait time with --latency-wait:
report.html
Shutting down, this might take some time.
Exiting because a job execution failed. Look above for error message
Complete log: .snakemake/log/2023-01-19T163735.922666.snakemake.log
