Building DAG of jobs...
Using shell: /bin/bash
Provided cores: 1 (use --cores to define parallelism)
Rules claiming more threads will be scaled down.
Job stats:
job                count    min threads    max threads
---------------  -------  -------------  -------------
all                    1              1              1
plot_regression        1              1              1
total                  2              1              1

Select jobs to execute...

[Thu Jan 19 16:57:30 2023]
rule plot_regression:
    input: models/linear_model.joblib, data/cleaned/airquality_cleaned.csv
    output: outputs/reg_plot.pdf
    jobid: 1
    reason: Missing output files: outputs/reg_plot.pdf
    resources: tmpdir=/var/folders/_j/qpvxcf6100n6zpbckxsyyc980000gn/T

[Thu Jan 19 16:57:32 2023]
Error in rule plot_regression:
    jobid: 1
    input: models/linear_model.joblib, data/cleaned/airquality_cleaned.csv
    output: outputs/reg_plot.pdf

Shutting down, this might take some time.
Exiting because a job execution failed. Look above for error message
Complete log: .snakemake/log/2023-01-19T165730.791238.snakemake.log
